2025-01-01 14:49:13,604 - stage01_DataScraping.py - None - INFO - <<<< Stage01 Data Scraping Started >>>>
2025-01-01 14:49:27,424 - stage01_DataScraping.py - None - INFO - <<<< Stage01 Data Scraping Completed >>>>
2025-01-01 14:49:32,652 - stage02_QdrantDumping.py - None - INFO - <<<< Stage01 Data Scraping Started >>>>
2025-01-01 14:49:59,493 - stage02_QdrantDumping.py - None - INFO - <<<< Stage01 Data Scraping Completed >>>>
2025-01-01 14:55:05,867 - pipeline.py - None - INFO - <<<< Started Pipeline Execution ... >>>>
2025-01-01 14:55:07,930 - stage01_DataScraping.py - None - INFO - <<<< Stage01 Data Scraping Started >>>>
2025-01-01 14:55:20,238 - stage01_DataScraping.py - None - INFO - <<<< Stage01 Data Scraping Completed >>>>
2025-01-01 14:55:25,768 - stage02_QdrantDumping.py - None - INFO - <<<< Stage02 Qdrant Dumping Started >>>>
2025-01-01 14:55:45,993 - stage02_QdrantDumping.py - None - INFO - <<<< Stage01 Qdrant Dumping Completed >>>>
2025-01-01 14:55:46,348 - pipeline.py - None - INFO - <<<< Pipeline Completed ... >>>>
2025-01-01 15:22:29,379 - pipeline.py - None - INFO - <<<< Started Pipeline Execution ... >>>>
2025-01-01 15:22:45,865 - pipeline.py - None - INFO - <<<< Started Pipeline Execution ... >>>>
2025-01-01 15:23:02,885 - pipeline.py - None - INFO - <<<< Started Pipeline Execution ... >>>>
2025-01-01 15:25:21,856 - pipeline.py - None - INFO - <<<< Started Pipeline Execution ... >>>>
2025-01-01 12:06:06,595 - pipeline.py - None - INFO - <<<< Started Pipeline Execution ... >>>>
2025-01-01 12:06:07,161 - pipeline.py - None - INFO - <<<< Started Pipeline Execution ... >>>>
2025-01-01 12:06:07,738 - pipeline.py - None - INFO - <<<< Started Pipeline Execution ... >>>>
2025-01-01 12:06:08,550 - pipeline.py - None - INFO - <<<< Started Pipeline Execution ... >>>>
2025-01-01 12:06:09,808 - pipeline.py - None - INFO - <<<< Started Pipeline Execution ... >>>>
2025-01-01 12:06:11,905 - pipeline.py - None - INFO - <<<< Started Pipeline Execution ... >>>>
2025-01-01 12:06:15,556 - pipeline.py - None - INFO - <<<< Started Pipeline Execution ... >>>>
2025-01-01 12:06:22,374 - pipeline.py - None - INFO - <<<< Started Pipeline Execution ... >>>>
2025-01-01 12:10:23,695 - pipeline.py - None - INFO - <<<< Started Pipeline Execution ... >>>>
2025-01-01 12:10:24,243 - pipeline.py - None - INFO - <<<< Started Pipeline Execution ... >>>>
2025-01-01 12:10:25,239 - pipeline.py - None - INFO - <<<< Started Pipeline Execution ... >>>>
2025-01-01 12:10:26,109 - pipeline.py - None - INFO - <<<< Started Pipeline Execution ... >>>>
2025-01-01 12:10:27,395 - pipeline.py - None - INFO - <<<< Started Pipeline Execution ... >>>>
2025-01-01 12:10:29,671 - pipeline.py - None - INFO - <<<< Started Pipeline Execution ... >>>>
2025-01-01 12:10:33,402 - pipeline.py - None - INFO - <<<< Started Pipeline Execution ... >>>>
2025-01-01 12:10:40,246 - pipeline.py - None - INFO - <<<< Started Pipeline Execution ... >>>>
2025-01-01 12:10:53,614 - pipeline.py - None - INFO - <<<< Started Pipeline Execution ... >>>>
2025-01-01 12:10:59,261 - pipeline.py - None - INFO - <<<< Started Pipeline Execution ... >>>>
2025-01-01 12:10:59,837 - pipeline.py - None - INFO - <<<< Started Pipeline Execution ... >>>>
2025-01-01 12:11:00,529 - pipeline.py - None - INFO - <<<< Started Pipeline Execution ... >>>>
2025-01-01 12:11:01,382 - pipeline.py - None - INFO - <<<< Started Pipeline Execution ... >>>>
2025-01-01 12:11:02,834 - pipeline.py - None - INFO - <<<< Started Pipeline Execution ... >>>>
2025-01-01 23:03:51,709 - pipeline.py - None - INFO - <<<< Started Pipeline Execution ... >>>>
2025-01-01 23:05:01,759 - pipeline.py - None - INFO - <<<< Started Pipeline Execution ... >>>>
2025-01-01 23:05:27,954 - pipeline.py - None - INFO - <<<< Started Pipeline Execution ... >>>>
2025-01-01 23:05:56,711 - pipeline.py - None - INFO - <<<< Started Pipeline Execution ... >>>>
2025-01-01 23:08:13,247 - pipeline.py - None - INFO - <<<< Started Pipeline Execution ... >>>>
2025-01-01 23:13:34,760 - pipeline.py - None - INFO - <<<< Started Pipeline Execution ... >>>>
2025-01-01 23:22:28,008 - pipeline.py - None - INFO - <<<< Started Pipeline Execution ... >>>>
2025-01-01 23:24:34,381 - pipeline.py - None - INFO - <<<< Started Pipeline Execution ... >>>>
2025-01-01 23:26:37,481 - pipeline.py - None - INFO - <<<< Started Pipeline Execution ... >>>>
2025-01-01 23:27:46,434 - pipeline.py - None - INFO - <<<< Pipeline Completed ... >>>>
2025-01-01 18:30:58,476 - pipeline.py - None - INFO - <<<< Started Pipeline Execution ... >>>>
2025-01-01 18:30:58,953 - pipeline.py - None - INFO - <<<< Started Pipeline Execution ... >>>>
2025-01-01 18:30:59,510 - pipeline.py - None - INFO - <<<< Started Pipeline Execution ... >>>>
2025-01-01 18:31:00,265 - pipeline.py - None - INFO - <<<< Started Pipeline Execution ... >>>>
2025-01-01 18:31:01,423 - pipeline.py - None - INFO - <<<< Started Pipeline Execution ... >>>>
2025-01-01 18:31:03,382 - pipeline.py - None - INFO - <<<< Started Pipeline Execution ... >>>>
2025-01-01 18:31:06,955 - pipeline.py - None - INFO - <<<< Started Pipeline Execution ... >>>>
2025-01-01 18:31:13,758 - pipeline.py - None - INFO - <<<< Started Pipeline Execution ... >>>>
2025-01-01 18:31:26,996 - pipeline.py - None - INFO - <<<< Started Pipeline Execution ... >>>>
2025-01-01 18:31:52,977 - pipeline.py - None - INFO - <<<< Started Pipeline Execution ... >>>>
2025-01-01 18:32:44,554 - pipeline.py - None - INFO - <<<< Started Pipeline Execution ... >>>>
2025-01-01 18:33:44,935 - pipeline.py - None - INFO - <<<< Started Pipeline Execution ... >>>>
2025-01-01 18:34:45,324 - pipeline.py - None - INFO - <<<< Started Pipeline Execution ... >>>>
2025-01-01 18:35:45,730 - pipeline.py - None - INFO - <<<< Started Pipeline Execution ... >>>>
2025-01-01 18:39:16,563 - pipeline.py - None - INFO - <<<< Started Pipeline Execution ... >>>>
2025-01-01 18:39:17,149 - pipeline.py - None - INFO - <<<< Started Pipeline Execution ... >>>>
2025-01-01 18:39:17,741 - pipeline.py - None - INFO - <<<< Started Pipeline Execution ... >>>>
2025-01-01 18:39:18,563 - pipeline.py - None - INFO - <<<< Started Pipeline Execution ... >>>>
2025-01-01 18:39:19,800 - pipeline.py - None - INFO - <<<< Started Pipeline Execution ... >>>>
2025-01-01 18:39:21,857 - pipeline.py - None - INFO - <<<< Started Pipeline Execution ... >>>>
2025-01-01 18:39:25,486 - pipeline.py - None - INFO - <<<< Started Pipeline Execution ... >>>>
2025-01-01 18:39:32,567 - pipeline.py - None - INFO - <<<< Started Pipeline Execution ... >>>>
2025-01-01 18:39:45,832 - pipeline.py - None - INFO - <<<< Started Pipeline Execution ... >>>>
2025-01-01 23:48:28,617 - pipeline.py - None - INFO - <<<< Started Pipeline Execution ... >>>>
2025-01-01 23:50:42,719 - pipeline.py - None - INFO - <<<< Started Pipeline Execution ... >>>>
2025-01-01 23:51:24,820 - pipeline.py - None - INFO - <<<< Started Pipeline Execution ... >>>>
2025-01-01 23:53:07,959 - pipeline.py - None - INFO - <<<< Pipeline Completed ... >>>>
2025-01-01 18:58:08,767 - pipeline.py - None - INFO - <<<< Started Pipeline Execution ... >>>>
2025-01-01 19:01:06,450 - pipeline.py - None - INFO - <<<< Started Pipeline Execution ... >>>>
2025-01-01 19:01:08,229 - pipeline.py - None - INFO - <<<< Started Pipeline Execution ... >>>>
2025-01-01 19:01:10,562 - pipeline.py - None - INFO - <<<< Started Pipeline Execution ... >>>>
2025-01-01 19:01:12,973 - pipeline.py - None - INFO - <<<< Started Pipeline Execution ... >>>>
2025-01-01 19:01:16,013 - pipeline.py - None - INFO - <<<< Started Pipeline Execution ... >>>>
2025-01-02 05:53:33,524 - pipeline.py - None - INFO - <<<< Started Pipeline Execution ... >>>>
2025-01-02 05:53:59,173 - pipeline.py - None - INFO - <<<< Started Pipeline Execution ... >>>>
2025-01-02 05:54:01,340 - pipeline.py - None - INFO - <<<< Started Pipeline Execution ... >>>>
2025-01-02 05:54:03,405 - pipeline.py - None - INFO - <<<< Started Pipeline Execution ... >>>>
2025-01-02 05:54:05,943 - pipeline.py - None - INFO - <<<< Started Pipeline Execution ... >>>>
2025-01-02 05:54:09,376 - pipeline.py - None - INFO - <<<< Started Pipeline Execution ... >>>>
2025-01-02 05:54:14,194 - pipeline.py - None - INFO - <<<< Started Pipeline Execution ... >>>>
2025-01-02 05:54:21,957 - pipeline.py - None - INFO - <<<< Started Pipeline Execution ... >>>>
2025-01-02 05:54:36,125 - pipeline.py - None - INFO - <<<< Started Pipeline Execution ... >>>>
2025-01-02 05:55:03,239 - pipeline.py - None - INFO - <<<< Started Pipeline Execution ... >>>>
2025-01-02 05:55:55,862 - pipeline.py - None - INFO - <<<< Started Pipeline Execution ... >>>>
2025-01-02 05:56:57,379 - pipeline.py - None - INFO - <<<< Started Pipeline Execution ... >>>>
2025-01-02 05:57:58,998 - pipeline.py - None - INFO - <<<< Started Pipeline Execution ... >>>>
2025-01-02 05:59:00,696 - pipeline.py - None - INFO - <<<< Started Pipeline Execution ... >>>>
2025-01-02 06:53:09,299 - pipeline.py - None - INFO - <<<< Started Pipeline Execution ... >>>>
2025-01-02 09:38:00,029 - pipeline.py - None - INFO - <<<< Started Pipeline Execution ... >>>>
2025-01-02 09:38:42,037 - pipeline.py - None - INFO - <<<< Pipeline Completed ... >>>>
2025-01-02 09:44:38,343 - pipeline.py - None - INFO - <<<< Started Pipeline Execution ... >>>>
2025-01-02 09:45:43,999 - pipeline.py - None - INFO - <<<< Pipeline Completed ... >>>>
2025-01-02 10:12:35,372 - pipeline.py - None - INFO - <<<< Started Pipeline Execution ... >>>>
2025-01-02 10:13:52,378 - pipeline.py - None - INFO - <<<< Pipeline Completed ... >>>>
